<?xml version="1.0" encoding="UTF-8"?>
<testng-results ignored="0" total="3" passed="2" failed="1" skipped="0">
  <reporter-output>
  </reporter-output>
  <suite started-at="2023-04-13T16:22:08 IST" name="Suite" finished-at="2023-04-13T16:23:39 IST" duration-ms="91201">
    <groups>
    </groups>
    <test started-at="2023-04-13T16:22:08 IST" name="Test" finished-at="2023-04-13T16:23:39 IST" duration-ms="91201">
      <class name="insuranceCalculation_motorcycle.ErrorTests_motorcycle">
        <test-method is-config="true" signature="LaunchBrowserAndNavigate()[pri:0, instance:insuranceCalculation_motorcycle.ErrorTests_motorcycle@485966cc]" started-at="2023-04-13T16:22:08 IST" name="LaunchBrowserAndNavigate" finished-at="2023-04-13T16:23:25 IST" duration-ms="76808" status="PASS">
          <reporter-output>
          </reporter-output>
        </test-method> <!-- LaunchBrowserAndNavigate -->
        <test-method signature="errorMessage_PayloadField()[pri:0, instance:insuranceCalculation_motorcycle.ErrorTests_motorcycle@485966cc]" started-at="2023-04-13T16:23:25 IST" name="errorMessage_PayloadField" finished-at="2023-04-13T16:23:26 IST" duration-ms="1519" status="PASS">
          <reporter-output>
          </reporter-output>
        </test-method> <!-- errorMessage_PayloadField -->
        <test-method is-config="true" signature="cleanUp()[pri:0, instance:insuranceCalculation_motorcycle.ErrorTests_motorcycle@485966cc]" started-at="2023-04-13T16:23:26 IST" name="cleanUp" finished-at="2023-04-13T16:23:27 IST" duration-ms="736" status="PASS">
          <reporter-output>
          </reporter-output>
        </test-method> <!-- cleanUp -->
        <test-method is-config="true" signature="LaunchBrowserAndNavigate()[pri:0, instance:insuranceCalculation_motorcycle.ErrorTests_motorcycle@485966cc]" started-at="2023-04-13T16:23:27 IST" name="LaunchBrowserAndNavigate" finished-at="2023-04-13T16:23:31 IST" duration-ms="3562" status="PASS">
          <reporter-output>
          </reporter-output>
        </test-method> <!-- LaunchBrowserAndNavigate -->
        <test-method signature="errorMessage_PayloadField1()[pri:0, instance:insuranceCalculation_motorcycle.ErrorTests_motorcycle@485966cc]" started-at="2023-04-13T16:23:31 IST" name="errorMessage_PayloadField1" finished-at="2023-04-13T16:23:32 IST" duration-ms="1619" status="FAIL">
          <exception class="java.lang.AssertionError">
            <message>
              <![CDATA[expected [dummy] but found [Must be a number between 1 and 2000]]]>
            </message>
            <full-stacktrace>
              <![CDATA[java.lang.AssertionError: expected [dummy] but found [Must be a number between 1 and 2000]
at org.testng.Assert.fail(Assert.java:110)
at org.testng.Assert.failNotEquals(Assert.java:1577)
at org.testng.Assert.assertEqualsImpl(Assert.java:149)
at org.testng.Assert.assertEquals(Assert.java:131)
at org.testng.Assert.assertEquals(Assert.java:655)
at org.testng.Assert.assertEquals(Assert.java:665)
at insuranceCalculation_motorcycle.ErrorTests_motorcycle.errorMessage_PayloadField1(ErrorTests_motorcycle.java:32)
at java.base/jdk.internal.reflect.NativeMethodAccessorImpl.invoke0(Native Method)
at java.base/jdk.internal.reflect.NativeMethodAccessorImpl.invoke(NativeMethodAccessorImpl.java:62)
at java.base/jdk.internal.reflect.DelegatingMethodAccessorImpl.invoke(DelegatingMethodAccessorImpl.java:43)
at java.base/java.lang.reflect.Method.invoke(Method.java:566)
at org.testng.internal.invokers.MethodInvocationHelper.invokeMethod(MethodInvocationHelper.java:139)
at org.testng.internal.invokers.TestInvoker.invokeMethod(TestInvoker.java:677)
at org.testng.internal.invokers.TestInvoker.invokeTestMethod(TestInvoker.java:221)
at org.testng.internal.invokers.MethodRunner.runInSequence(MethodRunner.java:50)
at org.testng.internal.invokers.TestInvoker$MethodInvocationAgent.invoke(TestInvoker.java:969)
at org.testng.internal.invokers.TestInvoker.invokeTestMethods(TestInvoker.java:194)
at org.testng.internal.invokers.TestMethodWorker.invokeTestMethods(TestMethodWorker.java:148)
at org.testng.internal.invokers.TestMethodWorker.run(TestMethodWorker.java:128)
at java.base/java.util.ArrayList.forEach(ArrayList.java:1540)
at org.testng.TestRunner.privateRun(TestRunner.java:829)
at org.testng.TestRunner.run(TestRunner.java:602)
at org.testng.SuiteRunner.runTest(SuiteRunner.java:437)
at org.testng.SuiteRunner.runSequentially(SuiteRunner.java:431)
at org.testng.SuiteRunner.privateRun(SuiteRunner.java:391)
at org.testng.SuiteRunner.run(SuiteRunner.java:330)
at org.testng.SuiteRunnerWorker.runSuite(SuiteRunnerWorker.java:52)
at org.testng.SuiteRunnerWorker.run(SuiteRunnerWorker.java:95)
at org.testng.TestNG.runSuitesSequentially(TestNG.java:1256)
at org.testng.TestNG.runSuitesLocally(TestNG.java:1176)
at org.testng.TestNG.runSuites(TestNG.java:1099)
at org.testng.TestNG.run(TestNG.java:1067)
at org.apache.maven.surefire.testng.TestNGExecutor.run(TestNGExecutor.java:283)
at org.apache.maven.surefire.testng.TestNGXmlTestSuite.execute(TestNGXmlTestSuite.java:75)
at org.apache.maven.surefire.testng.TestNGProvider.invoke(TestNGProvider.java:120)
at org.apache.maven.surefire.booter.ForkedBooter.invokeProviderInSameClassLoader(ForkedBooter.java:384)
at org.apache.maven.surefire.booter.ForkedBooter.runSuitesInProcess(ForkedBooter.java:345)
at org.apache.maven.surefire.booter.ForkedBooter.execute(ForkedBooter.java:126)
at org.apache.maven.surefire.booter.ForkedBooter.main(ForkedBooter.java:418)
]]>
            </full-stacktrace>
          </exception> <!-- java.lang.AssertionError -->
          <reporter-output>
          </reporter-output>
        </test-method> <!-- errorMessage_PayloadField1 -->
        <test-method is-config="true" signature="cleanUp()[pri:0, instance:insuranceCalculation_motorcycle.ErrorTests_motorcycle@485966cc]" started-at="2023-04-13T16:23:33 IST" name="cleanUp" finished-at="2023-04-13T16:23:33 IST" duration-ms="718" status="PASS">
          <reporter-output>
          </reporter-output>
        </test-method> <!-- cleanUp -->
        <test-method is-config="true" signature="LaunchBrowserAndNavigate()[pri:0, instance:insuranceCalculation_motorcycle.ErrorTests_motorcycle@485966cc]" started-at="2023-04-13T16:23:33 IST" name="LaunchBrowserAndNavigate" finished-at="2023-04-13T16:23:37 IST" duration-ms="3554" status="PASS">
          <reporter-output>
          </reporter-output>
        </test-method> <!-- LaunchBrowserAndNavigate -->
        <test-method signature="verifyModelDropdownOptions()[pri:0, instance:insuranceCalculation_motorcycle.ErrorTests_motorcycle@485966cc]" started-at="2023-04-13T16:23:37 IST" name="verifyModelDropdownOptions" finished-at="2023-04-13T16:23:38 IST" duration-ms="1504" status="PASS">
          <reporter-output>
          </reporter-output>
        </test-method> <!-- verifyModelDropdownOptions -->
        <test-method is-config="true" signature="cleanUp()[pri:0, instance:insuranceCalculation_motorcycle.ErrorTests_motorcycle@485966cc]" started-at="2023-04-13T16:23:38 IST" name="cleanUp" finished-at="2023-04-13T16:23:39 IST" duration-ms="688" status="PASS">
          <reporter-output>
          </reporter-output>
        </test-method> <!-- cleanUp -->
      </class> <!-- insuranceCalculation_motorcycle.ErrorTests_motorcycle -->
    </test> <!-- Test -->
  </suite> <!-- Suite -->
</testng-results>
